.\external\script\start.lua:1403: .\external\mods\trials.lua:2172: attempt to index a non-table object(nil) with key 'complete'
stack traceback:
	.\external\mods\trials.lua:2172: in function <.\external\mods\trials.lua:2166>
	.\external\script\menu.lua:293: in function <.\external\script\menu.lua:272>
	.\external\script\menu.lua:525: in function 'f_run'
	.\external\script\global.lua:254: in function 'loop'
	<string>:1: in function <<string>:0>
	[G]: in function 'game'
	.\external\script\start.lua:1403: in function 'f_game'
	.\external\script\start.lua:1839: in function 'launchFight'
	external/script/default.lua:2: in function <external/script/default.lua:0>
	.\external\script\start.lua:1457: in function 'startFunc'
	external/script/main.lua:4246: in main chunk
	[G]: ?
stack traceback:
	[G]: in function 'game'
	.\external\script\start.lua:1403: in function 'f_game'
	.\external\script\start.lua:1839: in function 'launchFight'
	external/script/default.lua:2: in function <external/script/default.lua:0>
	.\external\script\start.lua:1457: in function 'startFunc'
	external/script/main.lua:4246: in main chunk
	[G]: ?
